<?xml version="1.0" encoding="UTF-8"?>
<!-- Generated by org.testng.reporters.JUnitReportReporter -->
<testsuite hostname="DESKTOP-8BT1OES" failures="0" tests="1" name="com.cdac.acts.TestClass" time="13.142" errors="0" timestamp="2024-12-22T14:21:45 IST" skipped="0">
  <testcase classname="com.cdac.acts.TestClass" name="verifyTimer" time="13.142"/>
  <system-out/>
</testsuite> <!-- com.cdac.acts.TestClass -->
